[2022-07-28 12:00:06,324] {taskinstance.py:1159} INFO - Dependencies all met for <TaskInstance: user_processing.extract_user scheduled__2022-07-28T11:00:00+00:00 [queued]>
[2022-07-28 12:00:06,334] {taskinstance.py:1159} INFO - Dependencies all met for <TaskInstance: user_processing.extract_user scheduled__2022-07-28T11:00:00+00:00 [queued]>
[2022-07-28 12:00:06,334] {taskinstance.py:1356} INFO - 
--------------------------------------------------------------------------------
[2022-07-28 12:00:06,335] {taskinstance.py:1357} INFO - Starting attempt 1 of 1
[2022-07-28 12:00:06,336] {taskinstance.py:1358} INFO - 
--------------------------------------------------------------------------------
[2022-07-28 12:00:06,349] {taskinstance.py:1377} INFO - Executing <Task(SimpleHttpOperator): extract_user> on 2022-07-28 11:00:00+00:00
[2022-07-28 12:00:06,354] {standard_task_runner.py:52} INFO - Started process 5986 to run task
[2022-07-28 12:00:06,357] {standard_task_runner.py:79} INFO - Running: ['***', 'tasks', 'run', 'user_processing', 'extract_user', 'scheduled__2022-07-28T11:00:00+00:00', '--job-id', '53', '--raw', '--subdir', 'DAGS_FOLDER/user_processing.py', '--cfg-path', '/tmp/tmpkx9zu9kv', '--error-file', '/tmp/tmpbnv3l4ve']
[2022-07-28 12:00:06,358] {standard_task_runner.py:80} INFO - Job 53: Subtask extract_user
[2022-07-28 12:00:06,411] {task_command.py:369} INFO - Running <TaskInstance: user_processing.extract_user scheduled__2022-07-28T11:00:00+00:00 [running]> on host 890323d6f4a0
[2022-07-28 12:00:06,482] {taskinstance.py:1571} INFO - Exporting the following env vars:
AIRFLOW_CTX_DAG_OWNER=***
AIRFLOW_CTX_DAG_ID=user_processing
AIRFLOW_CTX_TASK_ID=extract_user
AIRFLOW_CTX_EXECUTION_DATE=2022-07-28T11:00:00+00:00
AIRFLOW_CTX_TRY_NUMBER=1
AIRFLOW_CTX_DAG_RUN_ID=scheduled__2022-07-28T11:00:00+00:00
[2022-07-28 12:00:06,483] {http.py:102} INFO - Calling HTTP method
[2022-07-28 12:00:06,492] {base.py:68} INFO - Using connection ID 'user_api' for task execution.
[2022-07-28 12:00:06,493] {http.py:129} INFO - Sending 'GET' to url:  https://randomuser.me/api/
[2022-07-28 12:00:08,573] {http.py:106} INFO - {"results":[{"gender":"female","name":{"title":"Miss","first":"Katarzyna","last":"Weiße"},"location":{"street":{"number":3820,"name":"Waldweg"},"city":"Gunzenhausen","state":"Berlin","country":"Germany","postcode":94873,"coordinates":{"latitude":"-53.2220","longitude":"114.6245"},"timezone":{"offset":"+6:00","description":"Almaty, Dhaka, Colombo"}},"email":"katarzyna.weisse@example.com","login":{"uuid":"8f4c6f52-f51b-4e65-bdcd-34b965ee3d3f","username":"tinyduck342","password":"shalom","salt":"uhR6Aun1","md5":"16a53d6cce7933193abf9905e740572f","sha1":"29ae23b4071b8f67ee14be8d4707b87eb47cbf9d","sha256":"10d096c059719f8b1c20826a4149dab46e7390b3b523b0b98f46f153be3e10d1"},"dob":{"date":"1986-08-15T19:09:57.609Z","age":35},"registered":{"date":"2013-12-23T10:31:43.324Z","age":8},"phone":"0389-1829447","cell":"0172-0658890","id":{"name":"SVNR","value":"65 150886 W 500"},"picture":{"large":"https://randomuser.me/api/portraits/women/36.jpg","medium":"https://randomuser.me/api/portraits/med/women/36.jpg","thumbnail":"https://randomuser.me/api/portraits/thumb/women/36.jpg"},"nat":"DE"}],"info":{"seed":"284bfb8b1cb7b208","results":1,"page":1,"version":"1.4"}}
[2022-07-28 12:00:08,609] {taskinstance.py:1400} INFO - Marking task as SUCCESS. dag_id=user_processing, task_id=extract_user, execution_date=20220728T110000, start_date=20220728T120006, end_date=20220728T120008
[2022-07-28 12:00:08,660] {local_task_job.py:156} INFO - Task exited with return code 0
[2022-07-28 12:00:08,701] {local_task_job.py:273} INFO - 0 downstream tasks scheduled from follow-on schedule check
