[2022-07-28 07:21:36,122] {taskinstance.py:1159} INFO - Dependencies all met for <TaskInstance: example_bash_operator.runme_1 scheduled__2022-07-27T00:00:00+00:00 [queued]>
[2022-07-28 07:21:36,132] {taskinstance.py:1159} INFO - Dependencies all met for <TaskInstance: example_bash_operator.runme_1 scheduled__2022-07-27T00:00:00+00:00 [queued]>
[2022-07-28 07:21:36,132] {taskinstance.py:1356} INFO - 
--------------------------------------------------------------------------------
[2022-07-28 07:21:36,133] {taskinstance.py:1357} INFO - Starting attempt 1 of 1
[2022-07-28 07:21:36,133] {taskinstance.py:1358} INFO - 
--------------------------------------------------------------------------------
[2022-07-28 07:21:36,150] {taskinstance.py:1377} INFO - Executing <Task(BashOperator): runme_1> on 2022-07-27 00:00:00+00:00
[2022-07-28 07:21:36,154] {standard_task_runner.py:52} INFO - Started process 716 to run task
[2022-07-28 07:21:36,158] {standard_task_runner.py:79} INFO - Running: ['***', 'tasks', 'run', 'example_bash_operator', 'runme_1', 'scheduled__2022-07-27T00:00:00+00:00', '--job-id', '6', '--raw', '--subdir', '/home/***/.local/lib/python3.7/site-packages/***/example_dags/example_bash_operator.py', '--cfg-path', '/tmp/tmpf_204vza', '--error-file', '/tmp/tmp2cu6uner']
[2022-07-28 07:21:36,159] {standard_task_runner.py:80} INFO - Job 6: Subtask runme_1
[2022-07-28 07:21:36,225] {task_command.py:369} INFO - Running <TaskInstance: example_bash_operator.runme_1 scheduled__2022-07-27T00:00:00+00:00 [running]> on host 084bc8ac965b
[2022-07-28 07:21:36,306] {taskinstance.py:1571} INFO - Exporting the following env vars:
AIRFLOW_CTX_DAG_OWNER=***
AIRFLOW_CTX_DAG_ID=example_bash_operator
AIRFLOW_CTX_TASK_ID=runme_1
AIRFLOW_CTX_EXECUTION_DATE=2022-07-27T00:00:00+00:00
AIRFLOW_CTX_TRY_NUMBER=1
AIRFLOW_CTX_DAG_RUN_ID=scheduled__2022-07-27T00:00:00+00:00
[2022-07-28 07:21:36,308] {subprocess.py:62} INFO - Tmp dir root location: 
 /tmp
[2022-07-28 07:21:36,308] {subprocess.py:74} INFO - Running command: ['bash', '-c', 'echo "example_bash_operator__runme_1__20220727" && sleep 1']
[2022-07-28 07:21:36,319] {subprocess.py:85} INFO - Output:
[2022-07-28 07:21:36,321] {subprocess.py:92} INFO - example_bash_operator__runme_1__20220727
[2022-07-28 07:21:37,383] {subprocess.py:96} INFO - Command exited with return code 0
[2022-07-28 07:21:37,415] {taskinstance.py:1400} INFO - Marking task as SUCCESS. dag_id=example_bash_operator, task_id=runme_1, execution_date=20220727T000000, start_date=20220728T072136, end_date=20220728T072137
[2022-07-28 07:21:37,454] {local_task_job.py:156} INFO - Task exited with return code 0
[2022-07-28 07:21:37,490] {local_task_job.py:273} INFO - 1 downstream tasks scheduled from follow-on schedule check
