[2022-07-28 10:13:31,761] {taskinstance.py:1159} INFO - Dependencies all met for <TaskInstance: user_processing.process_user manual__2022-07-28T10:13:22.952035+00:00 [queued]>
[2022-07-28 10:13:31,769] {taskinstance.py:1159} INFO - Dependencies all met for <TaskInstance: user_processing.process_user manual__2022-07-28T10:13:22.952035+00:00 [queued]>
[2022-07-28 10:13:31,769] {taskinstance.py:1356} INFO - 
--------------------------------------------------------------------------------
[2022-07-28 10:13:31,770] {taskinstance.py:1357} INFO - Starting attempt 1 of 1
[2022-07-28 10:13:31,770] {taskinstance.py:1358} INFO - 
--------------------------------------------------------------------------------
[2022-07-28 10:13:31,784] {taskinstance.py:1377} INFO - Executing <Task(PythonOperator): process_user> on 2022-07-28 10:13:22.952035+00:00
[2022-07-28 10:13:31,790] {standard_task_runner.py:52} INFO - Started process 918 to run task
[2022-07-28 10:13:31,794] {standard_task_runner.py:79} INFO - Running: ['***', 'tasks', 'run', 'user_processing', 'process_user', 'manual__2022-07-28T10:13:22.952035+00:00', '--job-id', '34', '--raw', '--subdir', 'DAGS_FOLDER/user_processing.py', '--cfg-path', '/tmp/tmp6_ak_pej', '--error-file', '/tmp/tmphwoklbdl']
[2022-07-28 10:13:31,796] {standard_task_runner.py:80} INFO - Job 34: Subtask process_user
[2022-07-28 10:13:31,854] {task_command.py:369} INFO - Running <TaskInstance: user_processing.process_user manual__2022-07-28T10:13:22.952035+00:00 [running]> on host 890323d6f4a0
[2022-07-28 10:13:31,925] {taskinstance.py:1571} INFO - Exporting the following env vars:
AIRFLOW_CTX_DAG_OWNER=***
AIRFLOW_CTX_DAG_ID=user_processing
AIRFLOW_CTX_TASK_ID=process_user
AIRFLOW_CTX_EXECUTION_DATE=2022-07-28T10:13:22.952035+00:00
AIRFLOW_CTX_TRY_NUMBER=1
AIRFLOW_CTX_DAG_RUN_ID=manual__2022-07-28T10:13:22.952035+00:00
[2022-07-28 10:13:31,949] {python.py:173} INFO - Done. Returned value was: None
[2022-07-28 10:13:31,962] {taskinstance.py:1400} INFO - Marking task as SUCCESS. dag_id=user_processing, task_id=process_user, execution_date=20220728T101322, start_date=20220728T101331, end_date=20220728T101331
[2022-07-28 10:13:32,008] {local_task_job.py:156} INFO - Task exited with return code 0
[2022-07-28 10:13:32,042] {local_task_job.py:273} INFO - 1 downstream tasks scheduled from follow-on schedule check
