[2022-07-28 10:13:28,800] {taskinstance.py:1159} INFO - Dependencies all met for <TaskInstance: user_processing.extract_user manual__2022-07-28T10:13:22.952035+00:00 [queued]>
[2022-07-28 10:13:28,809] {taskinstance.py:1159} INFO - Dependencies all met for <TaskInstance: user_processing.extract_user manual__2022-07-28T10:13:22.952035+00:00 [queued]>
[2022-07-28 10:13:28,809] {taskinstance.py:1356} INFO - 
--------------------------------------------------------------------------------
[2022-07-28 10:13:28,810] {taskinstance.py:1357} INFO - Starting attempt 1 of 1
[2022-07-28 10:13:28,810] {taskinstance.py:1358} INFO - 
--------------------------------------------------------------------------------
[2022-07-28 10:13:28,823] {taskinstance.py:1377} INFO - Executing <Task(SimpleHttpOperator): extract_user> on 2022-07-28 10:13:22.952035+00:00
[2022-07-28 10:13:28,827] {standard_task_runner.py:52} INFO - Started process 915 to run task
[2022-07-28 10:13:28,830] {standard_task_runner.py:79} INFO - Running: ['***', 'tasks', 'run', 'user_processing', 'extract_user', 'manual__2022-07-28T10:13:22.952035+00:00', '--job-id', '33', '--raw', '--subdir', 'DAGS_FOLDER/user_processing.py', '--cfg-path', '/tmp/tmpdb59w_hm', '--error-file', '/tmp/tmpss28cx52']
[2022-07-28 10:13:28,831] {standard_task_runner.py:80} INFO - Job 33: Subtask extract_user
[2022-07-28 10:13:28,883] {task_command.py:369} INFO - Running <TaskInstance: user_processing.extract_user manual__2022-07-28T10:13:22.952035+00:00 [running]> on host 890323d6f4a0
[2022-07-28 10:13:28,949] {taskinstance.py:1571} INFO - Exporting the following env vars:
AIRFLOW_CTX_DAG_OWNER=***
AIRFLOW_CTX_DAG_ID=user_processing
AIRFLOW_CTX_TASK_ID=extract_user
AIRFLOW_CTX_EXECUTION_DATE=2022-07-28T10:13:22.952035+00:00
AIRFLOW_CTX_TRY_NUMBER=1
AIRFLOW_CTX_DAG_RUN_ID=manual__2022-07-28T10:13:22.952035+00:00
[2022-07-28 10:13:28,950] {http.py:102} INFO - Calling HTTP method
[2022-07-28 10:13:28,959] {base.py:68} INFO - Using connection ID 'user_api' for task execution.
[2022-07-28 10:13:28,960] {http.py:129} INFO - Sending 'GET' to url:  https://randomuser.me/api/
[2022-07-28 10:13:30,963] {http.py:106} INFO - {"results":[{"gender":"female","name":{"title":"Mrs","first":"Anjali","last":"Namnaik"},"location":{"street":{"number":6662,"name":"Rajaji Salai"},"city":"Panipat","state":"Punjab","country":"India","postcode":51160,"coordinates":{"latitude":"7.1346","longitude":"25.6762"},"timezone":{"offset":"-11:00","description":"Midway Island, Samoa"}},"email":"anjali.namnaik@example.com","login":{"uuid":"1980aabc-76bd-4efb-8a44-ce1f8c59fa53","username":"crazypeacock925","password":"connie","salt":"ARZ50SXN","md5":"6f86df3818891127a44cc0e13d8814bb","sha1":"38c831da3ceaf2778706c60e0b25a0a7d9e5252e","sha256":"715986b8b9fb8ff8478f4c70cc539acc153562144ef3093a73285cc8364e6363"},"dob":{"date":"1948-06-10T22:44:56.162Z","age":74},"registered":{"date":"2022-03-16T22:31:48.345Z","age":0},"phone":"9359631969","cell":"9569071305","id":{"name":"UIDAI","value":"157412959149"},"picture":{"large":"https://randomuser.me/api/portraits/women/49.jpg","medium":"https://randomuser.me/api/portraits/med/women/49.jpg","thumbnail":"https://randomuser.me/api/portraits/thumb/women/49.jpg"},"nat":"IN"}],"info":{"seed":"8e86dbb5477d5ea3","results":1,"page":1,"version":"1.4"}}
[2022-07-28 10:13:30,996] {taskinstance.py:1400} INFO - Marking task as SUCCESS. dag_id=user_processing, task_id=extract_user, execution_date=20220728T101322, start_date=20220728T101328, end_date=20220728T101330
[2022-07-28 10:13:31,014] {local_task_job.py:156} INFO - Task exited with return code 0
[2022-07-28 10:13:31,057] {local_task_job.py:273} INFO - 1 downstream tasks scheduled from follow-on schedule check
