[2022-07-28 12:00:09,460] {taskinstance.py:1159} INFO - Dependencies all met for <TaskInstance: user_processing.process_user scheduled__2022-07-28T11:00:00+00:00 [queued]>
[2022-07-28 12:00:09,468] {taskinstance.py:1159} INFO - Dependencies all met for <TaskInstance: user_processing.process_user scheduled__2022-07-28T11:00:00+00:00 [queued]>
[2022-07-28 12:00:09,468] {taskinstance.py:1356} INFO - 
--------------------------------------------------------------------------------
[2022-07-28 12:00:09,469] {taskinstance.py:1357} INFO - Starting attempt 1 of 1
[2022-07-28 12:00:09,470] {taskinstance.py:1358} INFO - 
--------------------------------------------------------------------------------
[2022-07-28 12:00:09,483] {taskinstance.py:1377} INFO - Executing <Task(PythonOperator): process_user> on 2022-07-28 11:00:00+00:00
[2022-07-28 12:00:09,487] {standard_task_runner.py:52} INFO - Started process 5989 to run task
[2022-07-28 12:00:09,489] {standard_task_runner.py:79} INFO - Running: ['***', 'tasks', 'run', 'user_processing', 'process_user', 'scheduled__2022-07-28T11:00:00+00:00', '--job-id', '54', '--raw', '--subdir', 'DAGS_FOLDER/user_processing.py', '--cfg-path', '/tmp/tmpc4hg130a', '--error-file', '/tmp/tmp_1i9j2pk']
[2022-07-28 12:00:09,491] {standard_task_runner.py:80} INFO - Job 54: Subtask process_user
[2022-07-28 12:00:09,542] {task_command.py:369} INFO - Running <TaskInstance: user_processing.process_user scheduled__2022-07-28T11:00:00+00:00 [running]> on host 890323d6f4a0
[2022-07-28 12:00:09,609] {taskinstance.py:1571} INFO - Exporting the following env vars:
AIRFLOW_CTX_DAG_OWNER=***
AIRFLOW_CTX_DAG_ID=user_processing
AIRFLOW_CTX_TASK_ID=process_user
AIRFLOW_CTX_EXECUTION_DATE=2022-07-28T11:00:00+00:00
AIRFLOW_CTX_TRY_NUMBER=1
AIRFLOW_CTX_DAG_RUN_ID=scheduled__2022-07-28T11:00:00+00:00
[2022-07-28 12:00:09,625] {python.py:173} INFO - Done. Returned value was: None
[2022-07-28 12:00:09,636] {taskinstance.py:1400} INFO - Marking task as SUCCESS. dag_id=user_processing, task_id=process_user, execution_date=20220728T110000, start_date=20220728T120009, end_date=20220728T120009
[2022-07-28 12:00:09,662] {local_task_job.py:156} INFO - Task exited with return code 0
[2022-07-28 12:00:09,694] {local_task_job.py:273} INFO - 1 downstream tasks scheduled from follow-on schedule check
