[2022-07-28 07:36:14,467] {taskinstance.py:1159} INFO - Dependencies all met for <TaskInstance: example_bash_operator.runme_1 manual__2022-07-28T07:36:13.674361+00:00 [queued]>
[2022-07-28 07:36:14,479] {taskinstance.py:1159} INFO - Dependencies all met for <TaskInstance: example_bash_operator.runme_1 manual__2022-07-28T07:36:13.674361+00:00 [queued]>
[2022-07-28 07:36:14,479] {taskinstance.py:1356} INFO - 
--------------------------------------------------------------------------------
[2022-07-28 07:36:14,479] {taskinstance.py:1357} INFO - Starting attempt 1 of 1
[2022-07-28 07:36:14,480] {taskinstance.py:1358} INFO - 
--------------------------------------------------------------------------------
[2022-07-28 07:36:14,498] {taskinstance.py:1377} INFO - Executing <Task(BashOperator): runme_1> on 2022-07-28 07:36:13.674361+00:00
[2022-07-28 07:36:14,502] {standard_task_runner.py:52} INFO - Started process 1422 to run task
[2022-07-28 07:36:14,505] {standard_task_runner.py:79} INFO - Running: ['***', 'tasks', 'run', 'example_bash_operator', 'runme_1', 'manual__2022-07-28T07:36:13.674361+00:00', '--job-id', '12', '--raw', '--subdir', '/home/***/.local/lib/python3.7/site-packages/***/example_dags/example_bash_operator.py', '--cfg-path', '/tmp/tmpvpi4uhk2', '--error-file', '/tmp/tmpb679lna9']
[2022-07-28 07:36:14,506] {standard_task_runner.py:80} INFO - Job 12: Subtask runme_1
[2022-07-28 07:36:14,576] {task_command.py:369} INFO - Running <TaskInstance: example_bash_operator.runme_1 manual__2022-07-28T07:36:13.674361+00:00 [running]> on host 084bc8ac965b
[2022-07-28 07:36:14,671] {taskinstance.py:1571} INFO - Exporting the following env vars:
AIRFLOW_CTX_DAG_OWNER=***
AIRFLOW_CTX_DAG_ID=example_bash_operator
AIRFLOW_CTX_TASK_ID=runme_1
AIRFLOW_CTX_EXECUTION_DATE=2022-07-28T07:36:13.674361+00:00
AIRFLOW_CTX_TRY_NUMBER=1
AIRFLOW_CTX_DAG_RUN_ID=manual__2022-07-28T07:36:13.674361+00:00
[2022-07-28 07:36:14,672] {subprocess.py:62} INFO - Tmp dir root location: 
 /tmp
[2022-07-28 07:36:14,674] {subprocess.py:74} INFO - Running command: ['bash', '-c', 'echo "example_bash_operator__runme_1__20220728" && sleep 1']
[2022-07-28 07:36:14,682] {subprocess.py:85} INFO - Output:
[2022-07-28 07:36:14,683] {subprocess.py:92} INFO - example_bash_operator__runme_1__20220728
[2022-07-28 07:36:15,685] {subprocess.py:96} INFO - Command exited with return code 0
[2022-07-28 07:36:15,718] {taskinstance.py:1400} INFO - Marking task as SUCCESS. dag_id=example_bash_operator, task_id=runme_1, execution_date=20220728T073613, start_date=20220728T073614, end_date=20220728T073615
[2022-07-28 07:36:15,762] {local_task_job.py:156} INFO - Task exited with return code 0
[2022-07-28 07:36:15,807] {local_task_job.py:273} INFO - 1 downstream tasks scheduled from follow-on schedule check
