[2022-07-28 07:21:38,105] {taskinstance.py:1159} INFO - Dependencies all met for <TaskInstance: example_bash_operator.run_after_loop scheduled__2022-07-27T00:00:00+00:00 [queued]>
[2022-07-28 07:21:38,116] {taskinstance.py:1159} INFO - Dependencies all met for <TaskInstance: example_bash_operator.run_after_loop scheduled__2022-07-27T00:00:00+00:00 [queued]>
[2022-07-28 07:21:38,117] {taskinstance.py:1356} INFO - 
--------------------------------------------------------------------------------
[2022-07-28 07:21:38,117] {taskinstance.py:1357} INFO - Starting attempt 1 of 1
[2022-07-28 07:21:38,118] {taskinstance.py:1358} INFO - 
--------------------------------------------------------------------------------
[2022-07-28 07:21:38,136] {taskinstance.py:1377} INFO - Executing <Task(BashOperator): run_after_loop> on 2022-07-27 00:00:00+00:00
[2022-07-28 07:21:38,140] {standard_task_runner.py:52} INFO - Started process 724 to run task
[2022-07-28 07:21:38,143] {standard_task_runner.py:79} INFO - Running: ['***', 'tasks', 'run', 'example_bash_operator', 'run_after_loop', 'scheduled__2022-07-27T00:00:00+00:00', '--job-id', '8', '--raw', '--subdir', '/home/***/.local/lib/python3.7/site-packages/***/example_dags/example_bash_operator.py', '--cfg-path', '/tmp/tmps0_6dqfo', '--error-file', '/tmp/tmpiytz4_7s']
[2022-07-28 07:21:38,144] {standard_task_runner.py:80} INFO - Job 8: Subtask run_after_loop
[2022-07-28 07:21:38,199] {task_command.py:369} INFO - Running <TaskInstance: example_bash_operator.run_after_loop scheduled__2022-07-27T00:00:00+00:00 [running]> on host 084bc8ac965b
[2022-07-28 07:21:38,272] {taskinstance.py:1571} INFO - Exporting the following env vars:
AIRFLOW_CTX_DAG_OWNER=***
AIRFLOW_CTX_DAG_ID=example_bash_operator
AIRFLOW_CTX_TASK_ID=run_after_loop
AIRFLOW_CTX_EXECUTION_DATE=2022-07-27T00:00:00+00:00
AIRFLOW_CTX_TRY_NUMBER=1
AIRFLOW_CTX_DAG_RUN_ID=scheduled__2022-07-27T00:00:00+00:00
[2022-07-28 07:21:38,273] {subprocess.py:62} INFO - Tmp dir root location: 
 /tmp
[2022-07-28 07:21:38,274] {subprocess.py:74} INFO - Running command: ['bash', '-c', 'echo 1']
[2022-07-28 07:21:38,282] {subprocess.py:85} INFO - Output:
[2022-07-28 07:21:38,283] {subprocess.py:92} INFO - 1
[2022-07-28 07:21:38,284] {subprocess.py:96} INFO - Command exited with return code 0
[2022-07-28 07:21:38,314] {taskinstance.py:1400} INFO - Marking task as SUCCESS. dag_id=example_bash_operator, task_id=run_after_loop, execution_date=20220727T000000, start_date=20220728T072138, end_date=20220728T072138
[2022-07-28 07:21:38,356] {local_task_job.py:156} INFO - Task exited with return code 0
[2022-07-28 07:21:38,388] {local_task_job.py:273} INFO - 0 downstream tasks scheduled from follow-on schedule check
