[2022-07-28 11:00:10,479] {taskinstance.py:1159} INFO - Dependencies all met for <TaskInstance: user_processing.process_user scheduled__2022-07-28T10:00:00+00:00 [queued]>
[2022-07-28 11:00:10,488] {taskinstance.py:1159} INFO - Dependencies all met for <TaskInstance: user_processing.process_user scheduled__2022-07-28T10:00:00+00:00 [queued]>
[2022-07-28 11:00:10,488] {taskinstance.py:1356} INFO - 
--------------------------------------------------------------------------------
[2022-07-28 11:00:10,489] {taskinstance.py:1357} INFO - Starting attempt 1 of 1
[2022-07-28 11:00:10,489] {taskinstance.py:1358} INFO - 
--------------------------------------------------------------------------------
[2022-07-28 11:00:10,502] {taskinstance.py:1377} INFO - Executing <Task(PythonOperator): process_user> on 2022-07-28 10:00:00+00:00
[2022-07-28 11:00:10,506] {standard_task_runner.py:52} INFO - Started process 3153 to run task
[2022-07-28 11:00:10,509] {standard_task_runner.py:79} INFO - Running: ['***', 'tasks', 'run', 'user_processing', 'process_user', 'scheduled__2022-07-28T10:00:00+00:00', '--job-id', '49', '--raw', '--subdir', 'DAGS_FOLDER/user_processing.py', '--cfg-path', '/tmp/tmp1hu9zcy9', '--error-file', '/tmp/tmp4u91loqz']
[2022-07-28 11:00:10,510] {standard_task_runner.py:80} INFO - Job 49: Subtask process_user
[2022-07-28 11:00:10,562] {task_command.py:369} INFO - Running <TaskInstance: user_processing.process_user scheduled__2022-07-28T10:00:00+00:00 [running]> on host 890323d6f4a0
[2022-07-28 11:00:10,628] {taskinstance.py:1571} INFO - Exporting the following env vars:
AIRFLOW_CTX_DAG_OWNER=***
AIRFLOW_CTX_DAG_ID=user_processing
AIRFLOW_CTX_TASK_ID=process_user
AIRFLOW_CTX_EXECUTION_DATE=2022-07-28T10:00:00+00:00
AIRFLOW_CTX_TRY_NUMBER=1
AIRFLOW_CTX_DAG_RUN_ID=scheduled__2022-07-28T10:00:00+00:00
[2022-07-28 11:00:10,643] {python.py:173} INFO - Done. Returned value was: None
[2022-07-28 11:00:10,655] {taskinstance.py:1400} INFO - Marking task as SUCCESS. dag_id=user_processing, task_id=process_user, execution_date=20220728T100000, start_date=20220728T110010, end_date=20220728T110010
[2022-07-28 11:00:10,682] {local_task_job.py:156} INFO - Task exited with return code 0
[2022-07-28 11:00:10,726] {local_task_job.py:273} INFO - 1 downstream tasks scheduled from follow-on schedule check
