[2022-07-28 10:21:15,459] {taskinstance.py:1159} INFO - Dependencies all met for <TaskInstance: user_processing.extract_user manual__2022-07-28T10:21:11.212618+00:00 [queued]>
[2022-07-28 10:21:15,469] {taskinstance.py:1159} INFO - Dependencies all met for <TaskInstance: user_processing.extract_user manual__2022-07-28T10:21:11.212618+00:00 [queued]>
[2022-07-28 10:21:15,470] {taskinstance.py:1356} INFO - 
--------------------------------------------------------------------------------
[2022-07-28 10:21:15,471] {taskinstance.py:1357} INFO - Starting attempt 1 of 1
[2022-07-28 10:21:15,471] {taskinstance.py:1358} INFO - 
--------------------------------------------------------------------------------
[2022-07-28 10:21:15,485] {taskinstance.py:1377} INFO - Executing <Task(SimpleHttpOperator): extract_user> on 2022-07-28 10:21:11.212618+00:00
[2022-07-28 10:21:15,490] {standard_task_runner.py:52} INFO - Started process 1301 to run task
[2022-07-28 10:21:15,493] {standard_task_runner.py:79} INFO - Running: ['***', 'tasks', 'run', 'user_processing', 'extract_user', 'manual__2022-07-28T10:21:11.212618+00:00', '--job-id', '38', '--raw', '--subdir', 'DAGS_FOLDER/user_processing.py', '--cfg-path', '/tmp/tmppvnohiws', '--error-file', '/tmp/tmpdcyrvx2j']
[2022-07-28 10:21:15,494] {standard_task_runner.py:80} INFO - Job 38: Subtask extract_user
[2022-07-28 10:21:15,549] {task_command.py:369} INFO - Running <TaskInstance: user_processing.extract_user manual__2022-07-28T10:21:11.212618+00:00 [running]> on host 890323d6f4a0
[2022-07-28 10:21:15,617] {taskinstance.py:1571} INFO - Exporting the following env vars:
AIRFLOW_CTX_DAG_OWNER=***
AIRFLOW_CTX_DAG_ID=user_processing
AIRFLOW_CTX_TASK_ID=extract_user
AIRFLOW_CTX_EXECUTION_DATE=2022-07-28T10:21:11.212618+00:00
AIRFLOW_CTX_TRY_NUMBER=1
AIRFLOW_CTX_DAG_RUN_ID=manual__2022-07-28T10:21:11.212618+00:00
[2022-07-28 10:21:15,618] {http.py:102} INFO - Calling HTTP method
[2022-07-28 10:21:15,627] {base.py:68} INFO - Using connection ID 'user_api' for task execution.
[2022-07-28 10:21:15,628] {http.py:129} INFO - Sending 'GET' to url:  https://randomuser.me/api/
[2022-07-28 10:21:16,223] {http.py:106} INFO - {"results":[{"gender":"male","name":{"title":"Mr","first":"Tom","last":"Mæhre"},"location":{"street":{"number":4469,"name":"Husebybakken"},"city":"Ottersbo","state":"Hedmark","country":"Norway","postcode":"9064","coordinates":{"latitude":"40.5891","longitude":"-121.4887"},"timezone":{"offset":"+4:30","description":"Kabul"}},"email":"tom.maehre@example.com","login":{"uuid":"e9a75959-1a23-4aa1-acd0-ec59d1b99d15","username":"ticklishbear891","password":"rubble","salt":"ePjpONe4","md5":"b30992976609ff01007f440f27a20e9b","sha1":"1cb0f59c4a8a90911dbd1e5be9ccc2a576998210","sha256":"10c0bd04cf24d8b963dfa7ce8edc507d560fe3e22d9c34f7b10073e5b0ef1130"},"dob":{"date":"1988-08-09T03:21:43.822Z","age":33},"registered":{"date":"2009-09-15T15:37:11.331Z","age":12},"phone":"70766813","cell":"45241600","id":{"name":"FN","value":"09088819753"},"picture":{"large":"https://randomuser.me/api/portraits/men/62.jpg","medium":"https://randomuser.me/api/portraits/med/men/62.jpg","thumbnail":"https://randomuser.me/api/portraits/thumb/men/62.jpg"},"nat":"NO"}],"info":{"seed":"81a08e4ec5ea1c8f","results":1,"page":1,"version":"1.4"}}
[2022-07-28 10:21:16,254] {taskinstance.py:1400} INFO - Marking task as SUCCESS. dag_id=user_processing, task_id=extract_user, execution_date=20220728T102111, start_date=20220728T102115, end_date=20220728T102116
[2022-07-28 10:21:16,308] {local_task_job.py:156} INFO - Task exited with return code 0
[2022-07-28 10:21:16,352] {local_task_job.py:273} INFO - 1 downstream tasks scheduled from follow-on schedule check
