[2022-07-28 07:21:36,050] {taskinstance.py:1159} INFO - Dependencies all met for <TaskInstance: example_bash_operator.runme_0 scheduled__2022-07-27T00:00:00+00:00 [queued]>
[2022-07-28 07:21:36,058] {taskinstance.py:1159} INFO - Dependencies all met for <TaskInstance: example_bash_operator.runme_0 scheduled__2022-07-27T00:00:00+00:00 [queued]>
[2022-07-28 07:21:36,058] {taskinstance.py:1356} INFO - 
--------------------------------------------------------------------------------
[2022-07-28 07:21:36,059] {taskinstance.py:1357} INFO - Starting attempt 1 of 1
[2022-07-28 07:21:36,059] {taskinstance.py:1358} INFO - 
--------------------------------------------------------------------------------
[2022-07-28 07:21:36,073] {taskinstance.py:1377} INFO - Executing <Task(BashOperator): runme_0> on 2022-07-27 00:00:00+00:00
[2022-07-28 07:21:36,078] {standard_task_runner.py:52} INFO - Started process 714 to run task
[2022-07-28 07:21:36,082] {standard_task_runner.py:79} INFO - Running: ['***', 'tasks', 'run', 'example_bash_operator', 'runme_0', 'scheduled__2022-07-27T00:00:00+00:00', '--job-id', '4', '--raw', '--subdir', '/home/***/.local/lib/python3.7/site-packages/***/example_dags/example_bash_operator.py', '--cfg-path', '/tmp/tmpg2c3xb5d', '--error-file', '/tmp/tmpnuk6j1uh']
[2022-07-28 07:21:36,083] {standard_task_runner.py:80} INFO - Job 4: Subtask runme_0
[2022-07-28 07:21:36,143] {task_command.py:369} INFO - Running <TaskInstance: example_bash_operator.runme_0 scheduled__2022-07-27T00:00:00+00:00 [running]> on host 084bc8ac965b
[2022-07-28 07:21:36,230] {taskinstance.py:1571} INFO - Exporting the following env vars:
AIRFLOW_CTX_DAG_OWNER=***
AIRFLOW_CTX_DAG_ID=example_bash_operator
AIRFLOW_CTX_TASK_ID=runme_0
AIRFLOW_CTX_EXECUTION_DATE=2022-07-27T00:00:00+00:00
AIRFLOW_CTX_TRY_NUMBER=1
AIRFLOW_CTX_DAG_RUN_ID=scheduled__2022-07-27T00:00:00+00:00
[2022-07-28 07:21:36,231] {subprocess.py:62} INFO - Tmp dir root location: 
 /tmp
[2022-07-28 07:21:36,232] {subprocess.py:74} INFO - Running command: ['bash', '-c', 'echo "example_bash_operator__runme_0__20220727" && sleep 1']
[2022-07-28 07:21:36,240] {subprocess.py:85} INFO - Output:
[2022-07-28 07:21:36,242] {subprocess.py:92} INFO - example_bash_operator__runme_0__20220727
[2022-07-28 07:21:37,243] {subprocess.py:96} INFO - Command exited with return code 0
[2022-07-28 07:21:37,273] {taskinstance.py:1400} INFO - Marking task as SUCCESS. dag_id=example_bash_operator, task_id=runme_0, execution_date=20220727T000000, start_date=20220728T072136, end_date=20220728T072137
[2022-07-28 07:21:37,298] {local_task_job.py:156} INFO - Task exited with return code 0
[2022-07-28 07:21:37,411] {local_task_job.py:273} INFO - 0 downstream tasks scheduled from follow-on schedule check
