[2022-07-28 07:33:32,441] {taskinstance.py:1159} INFO - Dependencies all met for <TaskInstance: example_bash_operator.runme_0 scheduled__2022-07-27T00:00:00+00:00 [success]>
[2022-07-28 07:33:32,442] {taskinstance.py:1159} INFO - Dependencies all met for <TaskInstance: example_bash_operator.runme_0 scheduled__2022-07-27T00:00:00+00:00 [success]>
[2022-07-28 07:33:32,442] {taskinstance.py:1356} INFO - 
--------------------------------------------------------------------------------
[2022-07-28 07:33:32,443] {taskinstance.py:1357} INFO - Starting attempt 2 of 1
[2022-07-28 07:33:32,443] {taskinstance.py:1358} INFO - 
--------------------------------------------------------------------------------
[2022-07-28 07:33:32,458] {taskinstance.py:1377} INFO - Executing <Task(BashOperator): runme_0> on 2022-07-27 00:00:00+00:00
[2022-07-28 07:33:32,462] {standard_task_runner.py:52} INFO - Started process 1286 to run task
[2022-07-28 07:33:32,464] {standard_task_runner.py:79} INFO - Running: ['***', 'tasks', 'run', 'example_bash_operator', 'runme_0', 'scheduled__2022-07-27T00:00:00+00:00', '--job-id', '9', '--pool', 'default_pool', '--raw', '--subdir', '/home/***/.local/lib/python3.7/site-packages/***/example_dags/example_bash_operator.py', '--cfg-path', '/tmp/tmp2z0fg3ut', '--error-file', '/tmp/tmpnf5_l0ot']
[2022-07-28 07:33:32,465] {standard_task_runner.py:80} INFO - Job 9: Subtask runme_0
[2022-07-28 07:33:32,519] {task_command.py:369} INFO - Running <TaskInstance: example_bash_operator.runme_0 scheduled__2022-07-27T00:00:00+00:00 [running]> on host 084bc8ac965b
[2022-07-28 07:33:32,588] {taskinstance.py:1571} INFO - Exporting the following env vars:
AIRFLOW_CTX_DAG_OWNER=***
AIRFLOW_CTX_DAG_ID=example_bash_operator
AIRFLOW_CTX_TASK_ID=runme_0
AIRFLOW_CTX_EXECUTION_DATE=2022-07-27T00:00:00+00:00
AIRFLOW_CTX_TRY_NUMBER=2
AIRFLOW_CTX_DAG_RUN_ID=scheduled__2022-07-27T00:00:00+00:00
[2022-07-28 07:33:32,589] {subprocess.py:62} INFO - Tmp dir root location: 
 /tmp
[2022-07-28 07:33:32,590] {subprocess.py:74} INFO - Running command: ['bash', '-c', 'echo "example_bash_operator__runme_0__20220727" && sleep 1']
[2022-07-28 07:33:32,597] {subprocess.py:85} INFO - Output:
[2022-07-28 07:33:32,599] {subprocess.py:92} INFO - example_bash_operator__runme_0__20220727
[2022-07-28 07:33:33,600] {subprocess.py:96} INFO - Command exited with return code 0
[2022-07-28 07:33:33,629] {taskinstance.py:1400} INFO - Marking task as SUCCESS. dag_id=example_bash_operator, task_id=runme_0, execution_date=20220727T000000, start_date=20220728T073332, end_date=20220728T073333
[2022-07-28 07:33:33,682] {local_task_job.py:156} INFO - Task exited with return code 0
[2022-07-28 07:33:33,716] {local_task_job.py:273} INFO - 0 downstream tasks scheduled from follow-on schedule check
